Microsoft (R) Help Compiler
HCRTF 4.03.0002
Copyright (c) Microsoft Corp 1990 - 1995. All rights reserved.
thesis.hpj
    HC3025: Warning: topic #1 of D:\STUDY\Thesis\Programs\GUI 1.10\hlp\.\afxcore.rtf : 
	Jump to undefined Topic ID: "menu_record".
    HC3025: Warning: topic #3 of D:\STUDY\Thesis\Programs\GUI 1.10\hlp\.\afxcore.rtf : 
	Jump to undefined Topic ID: "HID_OLE_EDIT_LINKS".
    HC3025: Warning: topic #3 of D:\STUDY\Thesis\Programs\GUI 1.10\hlp\.\afxcore.rtf : 
	Jump to undefined Topic ID: "HID_EDIT_PASTE_LINK".
    HC3025: Warning: topic #3 of D:\STUDY\Thesis\Programs\GUI 1.10\hlp\.\afxcore.rtf : 
	Jump to undefined Topic ID: "HID_OLE_INSERT_NEW".
    HC1010: Note: 
	The following mapped Topic IDs were not used in any topic:
	AFX_HIDP_UNREG_DONE
	HIDD_GENERATE_GRAPH_DIALOG
	HID_ANIMATION_NEXT
	HIDR_NETWORK
	HID_ALGORITHM_SSP_DAG
	AFX_HIDP_GET_NOT_SUPPORTED
	HID_GRAPH_VERTEX
	HID_ALGORITHM_DIJKSTRA
	HID_HT_OBJECT
	AFX_HIDP_SQL_BOOKMARKS_NOT_ENABLED
	HID_RECORD_FIRST
	HID_EDIT_SELECT_ALL
	HIDD_NEW_EDGE_DIALOG
	HID_GRAPH_GENERATE_RANDOMGRAPH
	HID_FILE_UPDATE
	AFX_HIDW_RESIZE_BAR
	AFX_HIDP_SQL_NO_DATA_FOUND
	AFX_HIDP_SQL_EMPTY_COLUMN_LIST
	AFX_HIDP_SQL_ODBC_LOAD_FAILED
	AFX_HIDP_FAILED_TO_CREATE
	HID_OPTIONS_MANUAL
	HID_DEMO_FORDFULKERSON
	AFX_HIDD_BUSY
	HID_ALGORITHM_CHINESE_POSTMAN
	AFX_HIDP_ARCH_NONE
	HID_RECORD_LAST
	HID_RECORD_NEXT
	HID_RECORD_PREV
	HID_NETWORK_RESIDUAL
	AFX_HIDD_OBJECTPROPERTIES
	HIDR_ANIMATION
	HIDD_GRAPH_PROPERTIES_DIALOG
	AFX_HIDP_UNREG_FAILURE
	AFX_HIDP_SQL_BOOKMARKS_NOT_SUPPORTED
	HIDD_RESIZE_GRAPH_DIALOG
	AFX_HIDP_FILE_TOO_MANY_OPEN
	AFX_HIDP_SQL_FIELD_NOT_FOUND
	AFX_HIDP_FILE_ACCESS_DENIED
	HID_ALGORITHM_KRUSKAL
	HID_FILE_SAVE_COPY_AS
	HIDD_NEW_VERTEX_DIALOG
	AFX_HIDD_CONVERT
	HID_ALGORITHM_CRITICAL_PATH
	AFX_HIDP_ASK_TO_DISCARD
	AFX_HIDP_SQL_FIELD_SCHEMA_MISMATCH
	AFX_HIDP_SQL_LOCK_MODE_NOT_SUPPORTED
	HID_FORMAT_FONT
	AFX_HIDP_FILE_HARD_IO
	AFX_HIDD_CHANGESOURCE
	HID_UTILITIES_CUT_VERTEX
	HID_OPTIONS_AUTOMATIC
	AFX_HIDP_FILE_NOT_FOUND
	AFX_HIDW_DOCKBAR_TOP
	HID_NPC_PLANAR
	HIDD_NEW_GRAPH_DIALOG
	AFX_HIDP_DAO_DFX_BIND
	HIDR_UTILITIES
	HID_DEMO_ASTAR
	HID_VIEW_NETWORK
	AFX_HIDP_SQL_ODBC_V2_REQUIRED
	HID_ALGORITHM_TSP
	AFX_HIDP_SQL_NO_ROWS_AFFECTED
	HID_OLE_EDIT_CONVERT
	HID_ALGORITHM_PRIM
	AFX_HIDP_SQL_SQL_CONFORMANCE
	HID_NPC_HAMILTON
	AFX_HIDD_INSERTOBJECT
	AFX_HIDP_SQL_RECORDSET_READONLY
	AFX_HIDP_PARSE_RADIO_BUTTON
	HID_GRAPH_EDGE
	HIDD_EDGE_TAB
	HID_EDIT_PASTE_SPECIAL
	AFX_HIDP_DAO_ROWTOOSHORT
	AFX_HIDP_SQL_INCORRECT_ODBC
	AFX_HIDP_NO_ERROR_AVAILABLE
	AFX_HIDW_DOCKBAR_BOTTOM
	AFX_HIDP_FILE_DIR_FULL
	HID_UTILITIES_HAMILTON
	AFX_HIDP_DAO_BADBINDINFO
	AFX_HIDP_SQL_UPDATE_DELETE_FAILED
	AFX_HIDP_PARSE_DATETIME
	HID_OLE_EDIT_CHANGE_ICON
	AFX_HIDP_ARCH_ENDOFFILE
	HID_ALGORITHM_BELLMAN_FORD
	AFX_HIDP_SQL_SQL_NO_TOTAL
	AFX_HIDP_SQL_CONNECT_FAIL
	HID_APPLY_BUTTON
	HID_UTILITIES_CONNECTED_COMPONENT
	AFX_HIDP_SQL_API_CONFORMANCE
	HID_OLE_EDIT_PROPERTIES
	AFX_HIDP_FILE_DISKFULL
	HID_ANIMATION_RESET
	HID_UTILITIES_PREORDER
	AFX_HIDW_DOCKBAR_LEFT
	HID_UTILITIES_BRIDGE_EDGE
	AFX_HIDP_FILE_REMOVE_CURRENT
	AFX_HIDP_ARCH_BADCLASS
	AFX_HIDP_SQL_NO_POSITIONED_UPDATES
	HID_OLE_VERB_1
	HID_OLE_VERB_1
	HID_OLE_VERB_1
	HID_OLE_VERB_1
	HID_OLE_VERB_1
	HID_OLE_VERB_1
	HID_OLE_VERB_1
	HID_OLE_VERB_1
	HID_OLE_VERB_1
	HID_OLE_VERB_1
	HID_OLE_VERB_1
	HID_OLE_VERB_1
	HID_OLE_VERB_1
	HID_OLE_VERB_1
	HID_OLE_VERB_1
	HID_OLE_VERB_1
	HID_GRAPH_CLEAR
	AFX_HIDP_ARCH_BADINDEX
	HID_OPTIONS_DELAYTIME
	HID_WIZBACK
	HID_WIZNEXT
	HIDD_VERTEX_TAB
	AFX_HIDP_PARSE_CURRENCY
	HID_VIEW_GRAPH
	AFX_HIDP_FILE_NONE
	HID_UTILITIES_POSTORDER
	HID_EDIT_DELETE
	HIDR_GRAPH
	AFX_HIDP_FAILED_TO_CONVERT
	HID_HELP_FINDER
	AFX_HIDP_FILE_EOF
	HID_UTILITIES_TRANSITIVE_CLOSURE
	AFX_HIDP_FILE_LOCKING
	AFX_HIDP_SQL_ILLEGAL_MODE
	AFX_HIDD_PREVIEW_TOOLBAR
	HID_UTILITIES_CONNECTED_COMPONENTS
	HID_VIEW_UTILITIES
	AFX_HIDP_SQL_NO_CURRENT_RECORD
	AFX_HIDP_FILE_BAD_PATH
	AFX_HIDP_FILE_BAD_SEEK
	HID_ALGORITHM_JOHNSON
	HIDD_OPTIONS_DIALOG
	AFX_HIDP_SQL_ROW_UPDATE_NOT_SUPPORTED
	HID_LAYOUT_ELLIPSE
	HID_UTILITIES_BFT
	AFX_HIDP_FAILED_MAPI_LOAD
	AFX_HIDP_FAILED_MAPI_SEND
	AFX_HIDP_FILE_SHARING
	HIDD_VERTEX_PROPERTIES_DIALOG
	HIDR_EDIT
	HIDD_EDGE_PROPERTIES_DIALOG
	HID_FILE_PRINT_DIRECT
	AFX_HIDP_DLL_LOAD_FAILED
	AFX_HIDP_SQL_DYNASET_NOT_SUPPORTED
	HID_VIEW_ALGORITHMS
	AFX_HIDP_SQL_ROW_FETCH
	AFX_HIDP_SET_NOT_SUPPORTED
	HID_TOOLS_OPTIONS
	AFX_HIDD_CHANGEICON
	HIDD_OUTPUT_DIALOG
	AFX_HIDP_DLL_BAD_VERSION
	HID_UTILITIES_VERTEX_COVER
	HID_UTILITIES_BICONNECTED_COMPONENT
	AFX_HIDP_ARCH_BADSCHEMA
	AFX_HIDD_FILEBROWSE
	HID_DEMO_FORD_FULKERSON
	HID_NETWORK_CHECK
	HID_UTILITIES_COLOR
	HID_UTILITIES_CYCLE
	HID_UTILITIES_EULER
	HID_NETWORK_FORD_FULKERSON
	AFX_HIDD_EDITLINKS
	AFX_HIDP_SQL_DATA_TRUNCATED
	HID_HT_HELP
	HID_WIZFINISH
	AFX_HIDP_INVALID_MAPI_DLL
	AFX_HIDD_PREVIEW_SHORTTOOLBAR
	AFX_HIDP_DAO_OBJECT_NOT_OPEN
	AFX_HIDP_ARCH_WRITEONLY
	HID_OLE_EDIT_LINKS
	HIDD_SEARCH_DIALOG
	AFX_HIDP_SQL_MULTIPLE_ROWS_AFFECTED
	HID_EDIT_PASTE_LINK
	AFX_HIDP_DAO_ENGINE_INITIALIZATION
	AFX_HIDW_DOCKBAR_FLOAT
	HID_NETWORK_MAXIMUM_BIPARTITE_MATCHING
	HID_ALGORITHM_ASTAR
	AFX_HIDW_DOCKBAR_RIGHT
	HID_ALGORITHM_FLOYD
	HIDD_DELAY_TIME_DIALOG
	AFX_HIDP_PARSE_BYTE
	AFX_HIDP_PARSE_UINT
	AFX_HIDP_ARCH_GENERIC
	HID_UTILITIES_BICONNECTED_COMPONENTS
	HID_VIEW_OUTPUT
	AFX_HIDP_SQL_SNAPSHOT_NOT_SUPPORTED
	AFX_HIDD_PASTESPECIAL
	HID_GRAPH_REMOVE
	HID_GRAPH_RESIZE
	AFX_HIDP_FILE_GENERIC
	AFX_HIDP_FILE_INVALID_FILE
	HID_HT_CLOSE
	AFX_HIDP_ARCH_READONLY
	AFX_HIDP_SQL_RECORDSET_FORWARD_ONLY
	HID_OLE_INSERT_NEW
	AFX_HIDP_SQL_DYNAMIC_CURSOR_NOT_SUPPORTED
	HID_GRAPH_PROPERTIES
	HIDR_ALGORITHMS
	HID_GRAPH_SELECT
	HID_UTILITIES_TOPO
	HID_GRAPH_GENERATE_COMPLETEGRAPH
	HIDD_ANIMATION_DIALOG
	AFX_HIDP_DAO_COLUMNUNAVAILABLE
72	Topics
48	Jumps
16	Keywords
21	Bitmaps


Created D:\STUDY\Thesis\Programs\GUI 1.10\hlp\Thesis.HLP, 36,334 bytes
Bitmaps: 5,348 bytes
Hall+Zeck compression decreased help file by 16,291 bytes.
Compile time: 0 minutes, 0 seconds
1 note, 4 warnings
